[debug] [2024-01-22T17:33:31.719Z] ----------------------------------------------------------------------
[debug] [2024-01-22T17:33:31.721Z] Command:       C:\Program Files\nodejs\node.exe C:\Users\sivna\AppData\Roaming\npm\node_modules\firebase-tools\lib\bin\firebase.js init
[debug] [2024-01-22T17:33:31.721Z] CLI Version:   13.0.3
[debug] [2024-01-22T17:33:31.721Z] Platform:      win32
[debug] [2024-01-22T17:33:31.722Z] Node Version:  v20.11.0
[debug] [2024-01-22T17:33:31.722Z] Time:          Mon Jan 22 2024 23:03:31 GMT+0530 (India Standard Time)
[debug] [2024-01-22T17:33:31.722Z] ----------------------------------------------------------------------
[debug] 
[debug] [2024-01-22T17:33:31.724Z] >>> [apiv2][query] GET https://firebase-public.firebaseio.com/cli.json [none]
[debug] [2024-01-22T17:33:31.753Z] > command requires scopes: ["email","openid","https://www.googleapis.com/auth/cloudplatformprojects.readonly","https://www.googleapis.com/auth/firebase","https://www.googleapis.com/auth/cloud-platform"]
[debug] [2024-01-22T17:33:31.754Z] > authorizing via signed-in user (sivaganeshnatarajavel@gmail.com)
[info] 
     ######## #### ########  ######## ########     ###     ######  ########
     ##        ##  ##     ## ##       ##     ##  ##   ##  ##       ##
     ######    ##  ########  ######   ########  #########  ######  ######
     ##        ##  ##    ##  ##       ##     ## ##     ##       ## ##
     ##       #### ##     ## ######## ########  ##     ##  ######  ########

You're about to initialize a Firebase project in this directory:

  C:\Users\sivna\Desktop\expense-tracker

[debug] [2024-01-22T17:33:32.276Z] <<< [apiv2][status] GET https://firebase-public.firebaseio.com/cli.json 200
[debug] [2024-01-22T17:33:32.277Z] <<< [apiv2][body] GET https://firebase-public.firebaseio.com/cli.json {"cloudBuildErrorAfter":1594252800000,"cloudBuildWarnAfter":1590019200000,"defaultNode10After":1594252800000,"minVersion":"3.0.5","node8DeploysDisabledAfter":1613390400000,"node8RuntimeDisabledAfter":1615809600000,"node8WarnAfter":1600128000000}
[info] 
=== Project Setup
[info] 
[info] First, let's associate this project directory with a Firebase project.
[info] You can create multiple project aliases by running firebase use --add, 
[info] but for now we'll just set up a default project.
[info] 
[debug] [2024-01-22T17:38:29.502Z] > refreshing access token with scopes: []
[debug] [2024-01-22T17:38:29.503Z] >>> [apiv2][query] POST https://www.googleapis.com/oauth2/v3/token [none]
[debug] [2024-01-22T17:38:29.504Z] >>> [apiv2][body] POST https://www.googleapis.com/oauth2/v3/token [omitted]
[debug] [2024-01-22T17:38:30.019Z] <<< [apiv2][status] POST https://www.googleapis.com/oauth2/v3/token 200
[debug] [2024-01-22T17:38:30.019Z] <<< [apiv2][body] POST https://www.googleapis.com/oauth2/v3/token [omitted]
[debug] [2024-01-22T17:38:30.057Z] >>> [apiv2][query] GET https://firebase.googleapis.com/v1beta1/projects pageSize=100
[debug] [2024-01-22T17:38:30.783Z] <<< [apiv2][status] GET https://firebase.googleapis.com/v1beta1/projects 200
[debug] [2024-01-22T17:38:30.784Z] <<< [apiv2][body] GET https://firebase.googleapis.com/v1beta1/projects [omitted]
[info] i  Using project expense-tracker-cd6c0 (expense-tracker) 
[info] 
=== Hosting Setup
[debug] [2024-01-22T17:38:39.342Z] >>> [apiv2][query] GET https://firebase.googleapis.com/v1beta1/projects/expense-tracker-cd6c0 [none]
[debug] [2024-01-22T17:38:39.864Z] <<< [apiv2][status] GET https://firebase.googleapis.com/v1beta1/projects/expense-tracker-cd6c0 200
[debug] [2024-01-22T17:38:39.864Z] <<< [apiv2][body] GET https://firebase.googleapis.com/v1beta1/projects/expense-tracker-cd6c0 {"projectId":"expense-tracker-cd6c0","projectNumber":"687202997343","displayName":"expense-tracker","name":"projects/expense-tracker-cd6c0","resources":{"hostingSite":"expense-tracker-cd6c0","realtimeDatabaseInstance":"expense-tracker-cd6c0-default-rtdb"},"state":"ACTIVE","etag":"1_df03cd41-6b76-443c-a10d-4d8132fcb3dc"}
[info] 
[info] Your public directory is the folder (relative to your project directory) that
[info] will contain Hosting assets to be uploaded with firebase deploy. If you
[info] have a build process for your assets, use your build's output directory.
[info] 
[info] +  Wrote public/404.html 
[debug] [2024-01-22T17:39:23.934Z] >>> [apiv2][query] GET https://www.gstatic.com/firebasejs/releases.json [none]
[debug] [2024-01-22T17:39:24.165Z] <<< [apiv2][status] GET https://www.gstatic.com/firebasejs/releases.json 200
[debug] [2024-01-22T17:39:24.165Z] <<< [apiv2][body] GET https://www.gstatic.com/firebasejs/releases.json {"current":{"version":"10.7.2","browserURL":"https://www.gstatic.com/firebasejs/10.7.2/firebase.js","packageURL":"https://www.gstatic.com/firebasejs/10.7.2/firebase.tgz"},"live":{"version":"10.7","browserURL":"https://www.gstatic.com/firebasejs/live/10.7/firebase.js","packageURL":"https://www.gstatic.com/firebasejs/live/10.7/firebase.tgz"},"components":{"analytics":"https://www.gstatic.com/firebasejs/10.7.2/firebase-analytics.js","app":"https://www.gstatic.com/firebasejs/10.7.2/firebase-app.js","app-check":"https://www.gstatic.com/firebasejs/10.7.2/firebase-app-check.js","auth":"https://www.gstatic.com/firebasejs/10.7.2/firebase-auth.js","auth/cordova":"https://www.gstatic.com/firebasejs/10.7.2/firebase-auth/cordova.js","functions":"https://www.gstatic.com/firebasejs/10.7.2/firebase-functions.js","firestore":"https://www.gstatic.com/firebasejs/10.7.2/firebase-firestore.js","firestore/lite":"https://www.gstatic.com/firebasejs/10.7.2/firebase-firestore/lite.js","installations":"https://www.gstatic.com/firebasejs/10.7.2/firebase-installations.js","storage":"https://www.gstatic.com/firebasejs/10.7.2/firebase-storage.js","performance":"https://www.gstatic.com/firebasejs/10.7.2/firebase-performance.js","remote-config":"https://www.gstatic.com/firebasejs/10.7.2/firebase-remote-config.js","messaging":"https://www.gstatic.com/firebasejs/10.7.2/firebase-messaging.js","messaging/sw":"https://www.gstatic.com/firebasejs/10.7.2/firebase-messaging/sw.js","database":"https://www.gstatic.com/firebasejs/10.7.2/firebase-database.js","firestore.memory":"https://www.gstatic.com/firebasejs/10.7.2/firebase-firestore.memory.js"}}
[info] i  Skipping write of public/index.html 
[info] 
[info] i  Detected a .git folder at C:\Users\sivna\Desktop\expense-tracker 
[info] i  Authorizing with GitHub to upload your service account to a GitHub repository's secrets store. 
[info] 
[info] Visit this URL on this device to log in:
[info] https://github.com/login/oauth/authorize?client_id=89cf50f02ac6aaed3484&state=214230691&redirect_uri=http%3A%2F%2Flocalhost%3A9005&scope=read%3Auser%20repo%20public_repo
[info] 
[info] Waiting for authentication...
[debug] [2024-01-22T17:43:08.842Z] >>> [apiv2][query] POST https://github.com/login/oauth/access_token [none]
[debug] [2024-01-22T17:43:08.842Z] >>> [apiv2][body] POST https://github.com/login/oauth/access_token [stream]
[debug] [2024-01-22T17:43:09.277Z] <<< [apiv2][status] POST https://github.com/login/oauth/access_token 200
[debug] [2024-01-22T17:43:09.277Z] <<< [apiv2][body] POST https://github.com/login/oauth/access_token {"access_token":"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","token_type":"bearer","scope":"read:user,repo"}
[debug] [2024-01-22T17:43:09.303Z] >>> [apiv2][query] GET https://api.github.com/user [none]
[debug] [2024-01-22T17:43:09.720Z] <<< [apiv2][status] GET https://api.github.com/user 200
[debug] [2024-01-22T17:43:09.721Z] <<< [apiv2][body] GET https://api.github.com/user {"login":"Sivag1203","id":115616078,"node_id":"U_kgDOBuQpTg","avatar_url":"https://avatars.githubusercontent.com/u/115616078?v=4","gravatar_id":"","url":"https://api.github.com/users/Sivag1203","html_url":"https://github.com/Sivag1203","followers_url":"https://api.github.com/users/Sivag1203/followers","following_url":"https://api.github.com/users/Sivag1203/following{/other_user}","gists_url":"https://api.github.com/users/Sivag1203/gists{/gist_id}","starred_url":"https://api.github.com/users/Sivag1203/starred{/owner}{/repo}","subscriptions_url":"https://api.github.com/users/Sivag1203/subscriptions","organizations_url":"https://api.github.com/users/Sivag1203/orgs","repos_url":"https://api.github.com/users/Sivag1203/repos","events_url":"https://api.github.com/users/Sivag1203/events{/privacy}","received_events_url":"https://api.github.com/users/Sivag1203/received_events","type":"User","site_admin":false,"name":"Sivaganesh Natarajavel","company":null,"blog":"","location":null,"email":null,"hireable":null,"bio":null,"twitter_username":null,"public_repos":15,"public_gists":0,"followers":3,"following":1,"created_at":"2022-10-12T07:12:36Z","updated_at":"2024-01-12T05:41:21Z","private_gists":0,"total_private_repos":0,"owned_private_repos":0,"disk_usage":990,"collaborators":0,"two_factor_authentication":false,"plan":{"name":"free","space":976562499,"collaborators":0,"private_repos":10000}}
[info] 
[info] +  Success! Logged into GitHub as Sivag1203 
[info] 
